<?xml version="1.0" encoding="UTF-8"?>
<!-- Generated by org.testng.reporters.JUnitReportReporter -->
<testsuite hostname="macReports" failures="0" tests="4" name="test_ng.GroupDemo" time="0.013" errors="0" timestamp="2023-10-11T19:27:21 EDT" skipped="0">
  <testcase classname="test_ng.GroupDemo" name="method4" time="0.002"/>
  <system-out/>
  <testcase classname="test_ng.GroupDemo" name="method1" time="0.009"/>
  <system-out/>
  <testcase classname="test_ng.GroupDemo" name="method2" time="0.001"/>
  <system-out/>
  <testcase classname="test_ng.GroupDemo" name="method5" time="0.001"/>
  <system-out/>
</testsuite> <!-- test_ng.GroupDemo -->
