<?xml version="1.0" encoding="UTF-8"?>
<!-- Generated by org.testng.reporters.JUnitReportReporter -->
<testsuite hostname="macReports" failures="0" tests="4" name="usingtestng_swaglab.DiffirentLoginTests" time="56.780" errors="0" timestamp="2023-10-11T07:07:19 EDT" skipped="0">
  <testcase classname="usingtestng_swaglab.DiffirentLoginTests" name="positiveLogInandOut" time="20.511"/>
  <system-out>
    <![CDATA[Starting execution of "positiveLoginTest"
setUp process has finished
Locating, Adding and Submiting "Positive LogIn Credentials"
Finished the process
skip this LogOut part IN CONSOLE, it's FALSE inside ()
Test completed, quit the Browser section]]>
  </system-out>
  <testcase classname="usingtestng_swaglab.DiffirentLoginTests" name="wrongUsernameTest" time="12.112"/>
  <system-out/>
  <testcase classname="usingtestng_swaglab.DiffirentLoginTests" name="wrongPasswordTest" time="12.090"/>
  <system-out/>
  <testcase classname="usingtestng_swaglab.DiffirentLoginTests" name="LockedOutUserTest" time="12.067"/>
  <system-out/>
</testsuite> <!-- usingtestng_swaglab.DiffirentLoginTests -->
