<?xml version="1.0" encoding="UTF-8"?>
<!-- Generated by org.testng.reporters.JUnitReportReporter -->
<testsuite hostname="macReports" failures="0" tests="1" name="quiz.AppleBagItmes" time="50.260" errors="0" timestamp="2024-01-02T04:33:36 EST" skipped="0">
  <testcase classname="quiz.AppleBagItmes" name="byingMacBookAir" time="50.260"/>
  <system-out>
    <![CDATA[Submiting choosen paramaters

Reviewing Busket
Compare expectedMessage to actualMessage ]]>
  </system-out>
</testsuite> <!-- quiz.AppleBagItmes -->
