<?xml version="1.0" encoding="UTF-8"?>
<!-- Generated by org.testng.reporters.JUnitReportReporter -->
<testsuite hostname="macReports" failures="0" tests="5" name="testng_controlflow.DiffirentLoginTests" time="66.066" errors="0" timestamp="2023-10-11T11:10:40 EDT" skipped="0">
  <testcase classname="testng_controlflow.DiffirentLoginTests" name="positiveLogInandOut" time="14.327"/>
  <system-out>
    <![CDATA[Starting execution of "positiveLoginTest"
Test completed, quit the Browser section]]>
  </system-out>
  <testcase classname="testng_controlflow.DiffirentLoginTests" name="problemUserTest" time="14.273"/>
  <system-out/>
  <testcase classname="testng_controlflow.DiffirentLoginTests" name="wrongUsernameTest" time="12.520"/>
  <system-out/>
  <testcase classname="testng_controlflow.DiffirentLoginTests" name="wrongPasswordTest" time="12.710"/>
  <system-out/>
  <testcase classname="testng_controlflow.DiffirentLoginTests" name="LockedOutUserTest" time="12.236"/>
  <system-out/>
</testsuite> <!-- testng_controlflow.DiffirentLoginTests -->
