<?xml version="1.0" encoding="UTF-8"?>
<!-- Generated by org.testng.reporters.JUnitReportReporter -->
<testsuite hostname="macReports" failures="0" tests="5" name="testng_controlflow.Part2Groups" time="59.176" errors="0" timestamp="2023-11-14T22:43:44 EST" skipped="0">
  <testcase classname="testng_controlflow.Part2Groups" name="positiveLogInandOut" time="14.730"/>
  <system-out>
    <![CDATA[
Starting execution of "Positive LogIn Credentials"
SetUp process has finished
Locating, Adding and Submiting "PositiveUser data"
Finished the process
skip this LogOut part IN CONSOLE, it's FALSE inside ()
Test Completed]]>
  </system-out>
  <testcase classname="testng_controlflow.Part2Groups" name="problemUserTest" time="10.414"/>
  <system-out>
    <![CDATA[
Starting execution of "problemUserTest"
Locating, Adding and Submiting "ProblemUser data"
Finished the process
Test completed, quit the Browser section]]>
  </system-out>
  <testcase classname="testng_controlflow.Part2Groups" name="wrongUsernameTest" time="13.044"/>
  <system-out>
    <![CDATA[
Starting execution of "Negative LogIn Credentials"
SetUp process has finished
Locating, Adding and Submiting "WrongUserName data"
Finished the process
Locate and Get the error message
Compare expectedMessage to actualMessage 
Test Completed]]>
  </system-out>
  <testcase classname="testng_controlflow.Part2Groups" name="wrongPasswordTest" time="10.449"/>
  <system-out>
    <![CDATA[
Refresh the Web Seccion...
Starting execution of "wrongPasswordTest"
Locating, Adding and Submiting "WrongPassword data"
Finished the process
Locate and Get the error message
Compare expectedMessage to actualMessage 
Test Completed]]>
  </system-out>
  <testcase classname="testng_controlflow.Part2Groups" name="LockedOutUserTest" time="10.539"/>
  <system-out>
    <![CDATA[
Refresh the Web Seccion...
Starting execution of "LockedOutUserTest"
Locating, Adding and Submiting "LockedOutUser data"
Finished the process
Locate and Get the error message
Compare expectedMessage to actualMessage 
Test Completed, quit the Browser seccion]]>
  </system-out>
</testsuite> <!-- testng_controlflow.Part2Groups -->
