<?xml version="1.0" encoding="UTF-8"?>
<!-- Generated by org.testng.reporters.JUnitReportReporter -->
<testsuite hostname="macReports" failures="0" tests="1" name="quiz.AppleBagItmes" time="46.565" errors="0" timestamp="2023-10-16T09:24:02 EDT" skipped="0">
  <testcase classname="quiz.AppleBagItmes" name="byingMacBookAir" time="46.565"/>
  <system-out>
    <![CDATA[Submiting choosen paramaters

Reviewing Busket
Compare expectedMessage to actualMessage ]]>
  </system-out>
</testsuite> <!-- quiz.AppleBagItmes -->
