<?xml version="1.0" encoding="UTF-8"?>
<!-- Generated by org.testng.reporters.JUnitReportReporter -->
<testsuite hostname="macReports" failures="0" tests="1" name="testng_controlflow.HelloHiBye" time="0.008" errors="0" timestamp="2023-10-13T23:15:46 EDT" skipped="0">
  <testcase classname="testng_controlflow.HelloHiBye" name="methodNeither" time="0.008"/>
  <system-out/>
</testsuite> <!-- testng_controlflow.HelloHiBye -->
