<?xml version="1.0" encoding="UTF-8"?>
<!-- Generated by org.testng.reporters.JUnitReportReporter -->
<testsuite hostname="macReports" failures="0" tests="2" name="usingtestng_swaglab.Part2Groups" time="24.994" errors="0" timestamp="2023-10-11T10:15:46 EDT" skipped="0">
  <testcase classname="usingtestng_swaglab.Part2Groups" name="positiveLogInandOut" time="14.622"/>
  <system-out>
    <![CDATA[
Starting execution of "Positive LogIn Credentials"
SetUp process has finished
Locating, Adding and Submiting "PositiveUser data"
Finished the process
skip this LogOut part IN CONSOLE, it's FALSE inside ()
Test Completed]]>
  </system-out>
  <testcase classname="usingtestng_swaglab.Part2Groups" name="problemUserTest" time="10.372"/>
  <system-out>
    <![CDATA[
Starting execution of "problemUserTest"
Locating, Adding and Submiting "ProblemUser data"
Finished the process
Test completed, quit the Browser section]]>
  </system-out>
</testsuite> <!-- usingtestng_swaglab.Part2Groups -->
